{
  "stats": {
    "suites": 1,
    "tests": 9,
    "passes": 9,
    "pending": 0,
    "failures": 0,
    "start": "2022-06-21T05:10:36.625Z",
    "end": "2022-06-21T05:10:52.784Z",
    "duration": 16159,
    "testsRegistered": 9,
    "passPercent": 100,
    "pendingPercent": 0,
    "other": 0,
    "hasOther": false,
    "skipped": 0,
    "hasSkipped": false
  },
  "results": [
    {
      "uuid": "c77aa51a-c3cd-4417-9626-fbd71fe05d76",
      "title": "",
      "fullFile": "cypress/integration/login.spec.js",
      "file": "cypress/integration/login.spec.js",
      "beforeHooks": [],
      "afterHooks": [],
      "tests": [],
      "suites": [
        {
          "uuid": "66376bb9-82c6-416c-bc03-25a866a1e27b",
          "title": "Login Functionality of swaglab application",
          "fullFile": "",
          "file": "",
          "beforeHooks": [],
          "afterHooks": [],
          "tests": [
            {
              "title": "LoginPage Validation with valid username and valid password",
              "fullTitle": "Login Functionality of swaglab application LoginPage Validation with valid username and valid password",
              "timedOut": null,
              "duration": 3172,
              "state": "passed",
              "speed": "fast",
              "pass": true,
              "fail": false,
              "pending": false,
              "context": null,
              "code": "//Entering valid username and valid password\ncy.login(\"standard_user\", \"secret_sauce\"); //Validate the navigation page whether we are in expected page or not based on that page lable\ncy.contains(\"Products\");\ncy.logout(); //Validation for successful logout based on title of the page\ncy.title().should(\"be.equal\", \"Swag Labs\");",
              "err": {},
              "uuid": "ac7046d9-3da3-4632-b80d-40c961ce87a1",
              "parentUUID": "66376bb9-82c6-416c-bc03-25a866a1e27b",
              "isHook": false,
              "skipped": false
            },
            {
              "title": "LoginPage Validation with valid username and invalid password",
              "fullTitle": "Login Functionality of swaglab application LoginPage Validation with valid username and invalid password",
              "timedOut": null,
              "duration": 2252,
              "state": "passed",
              "speed": "fast",
              "pass": true,
              "fail": false,
              "pending": false,
              "context": null,
              "code": "//entering valid username  and invalid password\ncy.login(\"standard_user\", \"secet_sauce\"); //Validating error message by using css\ncy.get(\"#login_button_container > div > form > div.error-message-container.error\").should(\"have.text\", \"Epic sadface: Username and password do not match any user in this service\"); //closing error window\ncy.get(\".error-button\").click(); //clear and update username and  passwords input fields\ncy.clear_update();",
              "err": {},
              "uuid": "01deb88e-35e3-4541-b219-2c9157d00b3c",
              "parentUUID": "66376bb9-82c6-416c-bc03-25a866a1e27b",
              "isHook": false,
              "skipped": false
            },
            {
              "title": "LoginPage Validation with invalid username and valid password",
              "fullTitle": "Login Functionality of swaglab application LoginPage Validation with invalid username and valid password",
              "timedOut": null,
              "duration": 1487,
              "state": "passed",
              "speed": "fast",
              "pass": true,
              "fail": false,
              "pending": false,
              "context": null,
              "code": "//Entering  invalid username valid password\ncy.login(\"standad_user\", \"secret_sauce\"); //Handling error message by css selector\ncy.get(\"#login_button_container > div > form > div.error-message-container.error\").should(\"have.text\", \"Epic sadface: Username and password do not match any user in this service\"); //closing error window\ncy.get(\".error-button\").click(); //clear and update username and  passwords input fields\ncy.clear_update();",
              "err": {},
              "uuid": "b34a8aab-ced6-41ce-8a00-4350816d0825",
              "parentUUID": "66376bb9-82c6-416c-bc03-25a866a1e27b",
              "isHook": false,
              "skipped": false
            },
            {
              "title": "LoginPage Validation with invalid username and invalid password",
              "fullTitle": "Login Functionality of swaglab application LoginPage Validation with invalid username and invalid password",
              "timedOut": null,
              "duration": 1563,
              "state": "passed",
              "speed": "fast",
              "pass": true,
              "fail": false,
              "pending": false,
              "context": null,
              "code": "//Entering invalid username and invalid password\ncy.login(\"standad_user\", \"secet_sauce\"); //validate error message using css selector\ncy.get(\"#login_button_container > div > form > div.error-message-container.error\").should(\"have.text\", \"Epic sadface: Username and password do not match any user in this service\"); //Closing error window\ncy.get(\".error-button\").click(); //clear and update username and  passwords input fields\ncy.clear_update(); //Below command for cursor move to username inputfield\ncy.get('[placeholder=\"Username\"]').click();",
              "err": {},
              "uuid": "ba4922a0-33fa-4c81-a33c-2a51fd479c9b",
              "parentUUID": "66376bb9-82c6-416c-bc03-25a866a1e27b",
              "isHook": false,
              "skipped": false
            },
            {
              "title": "LoginPage Validation with blank username and blank password",
              "fullTitle": "Login Functionality of swaglab application LoginPage Validation with blank username and blank password",
              "timedOut": null,
              "duration": 773,
              "state": "passed",
              "speed": "fast",
              "pass": true,
              "fail": false,
              "pending": false,
              "context": null,
              "code": "//entering blank username and password\ncy.get('[placeholder=\"Username\"]').click();\ncy.get('[placeholder=\"Password\"]').click(); //Click on login button\ncy.get('[type=\"submit\"]').click(); //validate error message using css selector\ncy.get(\"#login_button_container > div > form > div.error-message-container.error\").should(\"have.text\", \"Epic sadface: Username is required\"); //Closing error window\ncy.get(\".error-button\").click(); //Below command for cursor move to username inputfield\ncy.get('[placeholder=\"Username\"]').click();",
              "err": {},
              "uuid": "56863d3d-0491-4169-9282-75c779fa0e7b",
              "parentUUID": "66376bb9-82c6-416c-bc03-25a866a1e27b",
              "isHook": false,
              "skipped": false
            },
            {
              "title": "LoginPage Validation with blank username and valid password",
              "fullTitle": "Login Functionality of swaglab application LoginPage Validation with blank username and valid password",
              "timedOut": null,
              "duration": 984,
              "state": "passed",
              "speed": "fast",
              "pass": true,
              "fail": false,
              "pending": false,
              "context": null,
              "code": "//entering blank username and password\ncy.get('[placeholder=\"Username\"]').click();\ncy.get('[placeholder=\"Password\"]').type(\"secret_sauce\"); //Click on login button\ncy.get('[type=\"submit\"]').click(); //validate error message using css selector\ncy.get(\"#login_button_container > div > form > div.error-message-container.error\").should(\"have.text\", \"Epic sadface: Username is required\"); //Closing error window\ncy.get(\".error-button\").click(); //Below command for cursor move to username inputfield\ncy.get('[placeholder=\"Username\"]').click();",
              "err": {},
              "uuid": "c34fad57-e6b3-4582-85d0-0faff7bda322",
              "parentUUID": "66376bb9-82c6-416c-bc03-25a866a1e27b",
              "isHook": false,
              "skipped": false
            },
            {
              "title": "LoginPage Validation with blank username and in-valid password",
              "fullTitle": "Login Functionality of swaglab application LoginPage Validation with blank username and in-valid password",
              "timedOut": null,
              "duration": 979,
              "state": "passed",
              "speed": "fast",
              "pass": true,
              "fail": false,
              "pending": false,
              "context": null,
              "code": "//entering blank username and password\ncy.get('[placeholder=\"Username\"]').click();\ncy.get('[placeholder=\"Password\"]').type(\"ecret_sauce\"); //Click on login button\ncy.get('[type=\"submit\"]').click(); //validate error message using css selector\ncy.get(\"#login_button_container > div > form > div.error-message-container.error\").should(\"have.text\", \"Epic sadface: Username is required\"); //Closing error window\ncy.get(\".error-button\").click(); //Below command for cursor move to username inputfield\ncy.get('[placeholder=\"Username\"]').click();",
              "err": {},
              "uuid": "37feafae-3885-473e-bf04-f2f17e5af67d",
              "parentUUID": "66376bb9-82c6-416c-bc03-25a866a1e27b",
              "isHook": false,
              "skipped": false
            },
            {
              "title": "LoginPage Validation with valid username and blank password",
              "fullTitle": "Login Functionality of swaglab application LoginPage Validation with valid username and blank password",
              "timedOut": null,
              "duration": 1001,
              "state": "passed",
              "speed": "fast",
              "pass": true,
              "fail": false,
              "pending": false,
              "context": null,
              "code": "//entering valid username and blank password\ncy.get('[placeholder=\"Username\"]').type(\"standard_user\");\ncy.get('[placeholder=\"Password\"]').click(); //Click on login button\ncy.get('[type=\"submit\"]').click(); //validate error message using css selector\ncy.get(\"#login_button_container > div > form > div.error-message-container.error\").should(\"have.text\", \"Epic sadface: Password is required\"); //Closing error window\ncy.get(\".error-button\").click(); //Below command for cursor move to username inputfield\ncy.get('[placeholder=\"Username\"]').click();",
              "err": {},
              "uuid": "b777c7ec-4dce-473a-ae2d-18ac987bb249",
              "parentUUID": "66376bb9-82c6-416c-bc03-25a866a1e27b",
              "isHook": false,
              "skipped": false
            },
            {
              "title": "LoginPage Validation with invalid username and blank password",
              "fullTitle": "Login Functionality of swaglab application LoginPage Validation with invalid username and blank password",
              "timedOut": null,
              "duration": 1221,
              "state": "passed",
              "speed": "fast",
              "pass": true,
              "fail": false,
              "pending": false,
              "context": null,
              "code": "//entering valid username and blank password\ncy.get('[placeholder=\"Username\"]').type(\"tandard_user\");\ncy.get('[placeholder=\"Password\"]').click(); //Click on login button\ncy.get('[type=\"submit\"]').click(); //validate error message using css selector\ncy.get(\"#login_button_container > div > form > div.error-message-container.error\").should(\"have.text\", \"Epic sadface: Password is required\"); //Closing error window\ncy.get(\".error-button\").click(); //Below command for cursor move to username inputfield\ncy.get('[placeholder=\"Username\"]').click();\ncy.clear_update();",
              "err": {},
              "uuid": "1b6f748e-f937-4ab4-a0be-04c54429f078",
              "parentUUID": "66376bb9-82c6-416c-bc03-25a866a1e27b",
              "isHook": false,
              "skipped": false
            }
          ],
          "suites": [],
          "passes": [
            "ac7046d9-3da3-4632-b80d-40c961ce87a1",
            "01deb88e-35e3-4541-b219-2c9157d00b3c",
            "b34a8aab-ced6-41ce-8a00-4350816d0825",
            "ba4922a0-33fa-4c81-a33c-2a51fd479c9b",
            "56863d3d-0491-4169-9282-75c779fa0e7b",
            "c34fad57-e6b3-4582-85d0-0faff7bda322",
            "37feafae-3885-473e-bf04-f2f17e5af67d",
            "b777c7ec-4dce-473a-ae2d-18ac987bb249",
            "1b6f748e-f937-4ab4-a0be-04c54429f078"
          ],
          "failures": [],
          "pending": [],
          "skipped": [],
          "duration": 13432,
          "root": false,
          "rootEmpty": false,
          "_timeout": 2000
        }
      ],
      "passes": [],
      "failures": [],
      "pending": [],
      "skipped": [],
      "duration": 0,
      "root": true,
      "rootEmpty": true,
      "_timeout": 2000
    }
  ],
  "meta": {
    "mocha": {
      "version": "7.0.1"
    },
    "mochawesome": {
      "options": {
        "quiet": false,
        "reportFilename": "mochawesome",
        "saveHtml": true,
        "saveJson": true,
        "consoleReporter": "spec",
        "useInlineDiffs": false,
        "code": true
      },
      "version": "7.1.3"
    },
    "marge": {
      "options": {
        "id": "default",
        "reportDir": "cypress/reports/mocha",
        "quite": true,
        "overwrite": false,
        "html": true,
        "json": true
      },
      "version": "6.2.0"
    }
  }
}