{
  "stats": {
    "suites": 1,
    "tests": 9,
    "passes": 9,
    "pending": 0,
    "failures": 0,
    "start": "2022-06-20T06:14:38.815Z",
    "end": "2022-06-20T06:14:59.739Z",
    "duration": 20924,
    "testsRegistered": 9,
    "passPercent": 100,
    "pendingPercent": 0,
    "other": 0,
    "hasOther": false,
    "skipped": 0,
    "hasSkipped": false
  },
  "results": [
    {
      "uuid": "9d478ed4-6b54-4465-9ef1-a51961e281fa",
      "title": "",
      "fullFile": "cypress/integration/login.spec.js",
      "file": "cypress/integration/login.spec.js",
      "beforeHooks": [],
      "afterHooks": [],
      "tests": [],
      "suites": [
        {
          "uuid": "b54f8fd7-e929-4f13-a3cd-ed0230014653",
          "title": "Login Functionality of swaglab application",
          "fullFile": "",
          "file": "",
          "beforeHooks": [],
          "afterHooks": [],
          "tests": [
            {
              "title": "LoginPage Validation with valid username and valid password",
              "fullTitle": "Login Functionality of swaglab application LoginPage Validation with valid username and valid password",
              "timedOut": null,
              "duration": 4549,
              "state": "passed",
              "speed": "fast",
              "pass": true,
              "fail": false,
              "pending": false,
              "context": null,
              "code": "//Entering valid username and valid password\ncy.login(\"standard_user\", \"secret_sauce\"); //Validate the navigation page whether we are in expected page or not based on that page lable\ncy.contains(\"Products\");\ncy.logout(); //Validation for successful logout based on title of the page\ncy.title().should(\"be.equal\", \"Swag Labs\");",
              "err": {},
              "uuid": "0dcd5d2d-8755-44ab-84c8-305fb56a071d",
              "parentUUID": "b54f8fd7-e929-4f13-a3cd-ed0230014653",
              "isHook": false,
              "skipped": false
            },
            {
              "title": "LoginPage Validation with valid username and invalid password",
              "fullTitle": "Login Functionality of swaglab application LoginPage Validation with valid username and invalid password",
              "timedOut": null,
              "duration": 2039,
              "state": "passed",
              "speed": "fast",
              "pass": true,
              "fail": false,
              "pending": false,
              "context": null,
              "code": "//entering valid username  and invalid password\ncy.login(\"standard_user\", \"secet_sauce\"); //Validating error message by using css\ncy.get(\"#login_button_container > div > form > div.error-message-container.error\").should(\"have.text\", \"Epic sadface: Username and password do not match any user in this service\"); //closing error window\ncy.get(\".error-button\").click(); //clear and update username and  passwords input fields\ncy.clear_update();",
              "err": {},
              "uuid": "1c8fd86f-c64b-480e-9553-a009e61d6124",
              "parentUUID": "b54f8fd7-e929-4f13-a3cd-ed0230014653",
              "isHook": false,
              "skipped": false
            },
            {
              "title": "LoginPage Validation with invalid username and valid password",
              "fullTitle": "Login Functionality of swaglab application LoginPage Validation with invalid username and valid password",
              "timedOut": null,
              "duration": 1777,
              "state": "passed",
              "speed": "fast",
              "pass": true,
              "fail": false,
              "pending": false,
              "context": null,
              "code": "//Entering  invalid username valid password\ncy.login(\"standad_user\", \"secret_sauce\"); //Handling error message by css selector\ncy.get(\"#login_button_container > div > form > div.error-message-container.error\").should(\"have.text\", \"Epic sadface: Username and password do not match any user in this service\"); //closing error window\ncy.get(\".error-button\").click(); //clear and update username and  passwords input fields\ncy.clear_update();",
              "err": {},
              "uuid": "9bd66b9d-92e3-4332-af3e-11909fb048ba",
              "parentUUID": "b54f8fd7-e929-4f13-a3cd-ed0230014653",
              "isHook": false,
              "skipped": false
            },
            {
              "title": "LoginPage Validation with invalid username and invalid password",
              "fullTitle": "Login Functionality of swaglab application LoginPage Validation with invalid username and invalid password",
              "timedOut": null,
              "duration": 1930,
              "state": "passed",
              "speed": "fast",
              "pass": true,
              "fail": false,
              "pending": false,
              "context": null,
              "code": "//Entering invalid username and invalid password\ncy.login(\"standad_user\", \"secet_sauce\"); //validate error message using css selector\ncy.get(\"#login_button_container > div > form > div.error-message-container.error\").should(\"have.text\", \"Epic sadface: Username and password do not match any user in this service\"); //Closing error window\ncy.get(\".error-button\").click(); //clear and update username and  passwords input fields\ncy.clear_update(); //Below command for cursor move to username inputfield\ncy.get('[placeholder=\"Username\"]').click();",
              "err": {},
              "uuid": "6745c2be-1447-4f4b-a108-b65cb80bfa90",
              "parentUUID": "b54f8fd7-e929-4f13-a3cd-ed0230014653",
              "isHook": false,
              "skipped": false
            },
            {
              "title": "LoginPage Validation with blank username and blank password",
              "fullTitle": "Login Functionality of swaglab application LoginPage Validation with blank username and blank password",
              "timedOut": null,
              "duration": 965,
              "state": "passed",
              "speed": "fast",
              "pass": true,
              "fail": false,
              "pending": false,
              "context": null,
              "code": "//entering blank username and password\ncy.get('[placeholder=\"Username\"]').click();\ncy.get('[placeholder=\"Password\"]').click(); //Click on login button\ncy.get('[type=\"submit\"]').click(); //validate error message using css selector\ncy.get(\"#login_button_container > div > form > div.error-message-container.error\").should(\"have.text\", \"Epic sadface: Username is required\"); //Closing error window\ncy.get(\".error-button\").click(); //Below command for cursor move to username inputfield\ncy.get('[placeholder=\"Username\"]').click();",
              "err": {},
              "uuid": "0e58c85c-9cfc-4586-bd65-76a8d654a10a",
              "parentUUID": "b54f8fd7-e929-4f13-a3cd-ed0230014653",
              "isHook": false,
              "skipped": false
            },
            {
              "title": "LoginPage Validation with blank username and valid password",
              "fullTitle": "Login Functionality of swaglab application LoginPage Validation with blank username and valid password",
              "timedOut": null,
              "duration": 1208,
              "state": "passed",
              "speed": "fast",
              "pass": true,
              "fail": false,
              "pending": false,
              "context": null,
              "code": "//entering blank username and password\ncy.get('[placeholder=\"Username\"]').click();\ncy.get('[placeholder=\"Password\"]').type(\"secret_sauce\"); //Click on login button\ncy.get('[type=\"submit\"]').click(); //validate error message using css selector\ncy.get(\"#login_button_container > div > form > div.error-message-container.error\").should(\"have.text\", \"Epic sadface: Username is required\"); //Closing error window\ncy.get(\".error-button\").click(); //Below command for cursor move to username inputfield\ncy.get('[placeholder=\"Username\"]').click();",
              "err": {},
              "uuid": "4caf6d11-c375-4c5b-9ccc-02dbc5e5bb2b",
              "parentUUID": "b54f8fd7-e929-4f13-a3cd-ed0230014653",
              "isHook": false,
              "skipped": false
            },
            {
              "title": "LoginPage Validation with blank username and in-valid password",
              "fullTitle": "Login Functionality of swaglab application LoginPage Validation with blank username and in-valid password",
              "timedOut": null,
              "duration": 1216,
              "state": "passed",
              "speed": "fast",
              "pass": true,
              "fail": false,
              "pending": false,
              "context": null,
              "code": "//entering blank username and password\ncy.get('[placeholder=\"Username\"]').click();\ncy.get('[placeholder=\"Password\"]').type(\"ecret_sauce\"); //Click on login button\ncy.get('[type=\"submit\"]').click(); //validate error message using css selector\ncy.get(\"#login_button_container > div > form > div.error-message-container.error\").should(\"have.text\", \"Epic sadface: Username is required\"); //Closing error window\ncy.get(\".error-button\").click(); //Below command for cursor move to username inputfield\ncy.get('[placeholder=\"Username\"]').click();",
              "err": {},
              "uuid": "b388120f-ae03-4111-9709-16a11ad607c5",
              "parentUUID": "b54f8fd7-e929-4f13-a3cd-ed0230014653",
              "isHook": false,
              "skipped": false
            },
            {
              "title": "LoginPage Validation with valid username and blank password",
              "fullTitle": "Login Functionality of swaglab application LoginPage Validation with valid username and blank password",
              "timedOut": null,
              "duration": 1306,
              "state": "passed",
              "speed": "fast",
              "pass": true,
              "fail": false,
              "pending": false,
              "context": null,
              "code": "//entering valid username and blank password\ncy.get('[placeholder=\"Username\"]').type(\"standard_user\");\ncy.get('[placeholder=\"Password\"]').click(); //Click on login button\ncy.get('[type=\"submit\"]').click(); //validate error message using css selector\ncy.get(\"#login_button_container > div > form > div.error-message-container.error\").should(\"have.text\", \"Epic sadface: Password is required\"); //Closing error window\ncy.get(\".error-button\").click(); //Below command for cursor move to username inputfield\ncy.get('[placeholder=\"Username\"]').click();",
              "err": {},
              "uuid": "dba1cad4-a932-429c-b6c2-1f8616745e0d",
              "parentUUID": "b54f8fd7-e929-4f13-a3cd-ed0230014653",
              "isHook": false,
              "skipped": false
            },
            {
              "title": "LoginPage Validation with invalid username and blank password",
              "fullTitle": "Login Functionality of swaglab application LoginPage Validation with invalid username and blank password",
              "timedOut": null,
              "duration": 1572,
              "state": "passed",
              "speed": "fast",
              "pass": true,
              "fail": false,
              "pending": false,
              "context": null,
              "code": "//entering valid username and blank password\ncy.get('[placeholder=\"Username\"]').type(\"tandard_user\");\ncy.get('[placeholder=\"Password\"]').click(); //Click on login button\ncy.get('[type=\"submit\"]').click(); //validate error message using css selector\ncy.get(\"#login_button_container > div > form > div.error-message-container.error\").should(\"have.text\", \"Epic sadface: Password is required\"); //Closing error window\ncy.get(\".error-button\").click(); //Below command for cursor move to username inputfield\ncy.get('[placeholder=\"Username\"]').click();\ncy.clear_update();",
              "err": {},
              "uuid": "57bd2266-27d1-494a-a69e-65cd7e6ab7d3",
              "parentUUID": "b54f8fd7-e929-4f13-a3cd-ed0230014653",
              "isHook": false,
              "skipped": false
            }
          ],
          "suites": [],
          "passes": [
            "0dcd5d2d-8755-44ab-84c8-305fb56a071d",
            "1c8fd86f-c64b-480e-9553-a009e61d6124",
            "9bd66b9d-92e3-4332-af3e-11909fb048ba",
            "6745c2be-1447-4f4b-a108-b65cb80bfa90",
            "0e58c85c-9cfc-4586-bd65-76a8d654a10a",
            "4caf6d11-c375-4c5b-9ccc-02dbc5e5bb2b",
            "b388120f-ae03-4111-9709-16a11ad607c5",
            "dba1cad4-a932-429c-b6c2-1f8616745e0d",
            "57bd2266-27d1-494a-a69e-65cd7e6ab7d3"
          ],
          "failures": [],
          "pending": [],
          "skipped": [],
          "duration": 16562,
          "root": false,
          "rootEmpty": false,
          "_timeout": 2000
        }
      ],
      "passes": [],
      "failures": [],
      "pending": [],
      "skipped": [],
      "duration": 0,
      "root": true,
      "rootEmpty": true,
      "_timeout": 2000
    }
  ],
  "meta": {
    "mocha": {
      "version": "7.0.1"
    },
    "mochawesome": {
      "options": {
        "quiet": false,
        "reportFilename": "mochawesome",
        "saveHtml": true,
        "saveJson": true,
        "consoleReporter": "spec",
        "useInlineDiffs": false,
        "code": true
      },
      "version": "7.1.3"
    },
    "marge": {
      "options": {
        "id": "default",
        "reportDir": "cypress/reports/mocha",
        "quite": true,
        "overwrite": false,
        "html": true,
        "json": true
      },
      "version": "6.2.0"
    }
  }
}