{
  "stats": {
    "suites": 1,
    "tests": 1,
    "passes": 1,
    "pending": 0,
    "failures": 0,
    "start": "2022-06-21T05:11:16.889Z",
    "end": "2022-06-21T05:11:32.409Z",
    "duration": 15520,
    "testsRegistered": 1,
    "passPercent": 100,
    "pendingPercent": 0,
    "other": 0,
    "hasOther": false,
    "skipped": 0,
    "hasSkipped": false
  },
  "results": [
    {
      "uuid": "011a1d86-8f44-4efb-8f2c-2ad92b1be6f9",
      "title": "",
      "fullFile": "cypress/integration/social_links.spec.js",
      "file": "cypress/integration/social_links.spec.js",
      "beforeHooks": [],
      "afterHooks": [],
      "tests": [],
      "suites": [
        {
          "uuid": "394770b1-b59a-45cd-8bfa-1f1ded1127ac",
          "title": "Verification of social Links",
          "fullFile": "",
          "file": "",
          "beforeHooks": [],
          "afterHooks": [],
          "tests": [
            {
              "title": "Test For Social Links",
              "fullTitle": "Verification of social Links Test For Social Links",
              "timedOut": null,
              "duration": 14015,
              "state": "passed",
              "speed": "slow",
              "pass": true,
              "fail": false,
              "pending": false,
              "context": null,
              "code": "//cursor in social links\ncy.get(\".social\").trigger(\"mouseover\"); //Click On twitter link\ncy.get(\".social_twitter a\").invoke(\"removeAttr\", \"target\").click(); //Validate Url of twitter whether we are launching proper page or not\ncy.url().should(\"include\", \"https://twitter.com/saucelabs\"); //wait for launching  application \n//cy.wait(2000);\n//Navigate to back Page\ncy.go(\"back\"); //Click on facebook link\ncy.get(\".social_facebook a\").invoke(\"removeAttr\", \"target\").click(); //Validate url of facebook whther we are launching expected page or not\ncy.url().should(\"include\", \"https://www.facebook.com/saucelabs\"); //wait for launching  application \n//cy.wait(2000);\ncy.go(\"back\"); //Click on linked in link\ncy.get(\".social_linkedin a\").invoke(\"removeAttr\", \"target\").click(); //Validate url of Linkedin whther we are launching expected page or not\ncy.url().should(\"include\", \"https://www.linkedin.com/company/sauce-labs/\"); //wait for launching  application \n//cy.wait(2000);\ncy.go(\"back\"); //This function call logout function i.e,exist in command.js\ncy.logout();",
              "err": {},
              "uuid": "755c9e9f-84ca-4950-8f44-f3b3bb33eba1",
              "parentUUID": "394770b1-b59a-45cd-8bfa-1f1ded1127ac",
              "isHook": false,
              "skipped": false
            }
          ],
          "suites": [],
          "passes": [
            "755c9e9f-84ca-4950-8f44-f3b3bb33eba1"
          ],
          "failures": [],
          "pending": [],
          "skipped": [],
          "duration": 14015,
          "root": false,
          "rootEmpty": false,
          "_timeout": 2000
        }
      ],
      "passes": [],
      "failures": [],
      "pending": [],
      "skipped": [],
      "duration": 0,
      "root": true,
      "rootEmpty": true,
      "_timeout": 2000
    }
  ],
  "meta": {
    "mocha": {
      "version": "7.0.1"
    },
    "mochawesome": {
      "options": {
        "quiet": false,
        "reportFilename": "mochawesome",
        "saveHtml": true,
        "saveJson": true,
        "consoleReporter": "spec",
        "useInlineDiffs": false,
        "code": true
      },
      "version": "7.1.3"
    },
    "marge": {
      "options": {
        "id": "default",
        "reportDir": "cypress/reports/mocha",
        "quite": true,
        "overwrite": false,
        "html": true,
        "json": true
      },
      "version": "6.2.0"
    }
  }
}